!! FILE coreprog.f90 CONTAINS PROGRAM vom
!! HTMLPAGE vom.html DESCRIBES PROGRAM vom
!! PROGRAM vom CALLS SUBROUTINE transpmodel
!! PROGRAM vom CALLS SUBROUTINE sce
!! FILE modules.f90 CONTAINS MODULE vegwatmod
!! HTMLPAGE vegwatmod.html DESCRIBES MODULE vegwatmod
!! MODULE vegwatmod EXPORTS VARIABLE vegwatmod::pc_
!! MODULE vegwatmod EXPORTS VARIABLE vegwatmod::pcg_
!! MODULE vegwatmod EXPORTS VARIABLE vegwatmod::rain_
!! MODULE vegwatmod EXPORTS VARIABLE vegwatmod::par_
!! MODULE vegwatmod EXPORTS VARIABLE vegwatmod::dt_
!! MODULE vegwatmod EXPORTS VARIABLE vegwatmod::dtmax
!! MODULE vegwatmod EXPORTS VARIABLE vegwatmod::etm__
!! MODULE vegwatmod EXPORTS VARIABLE vegwatmod::lat
!! MODULE vegwatmod EXPORTS VARIABLE vegwatmod::nlayers_
!! MODULE vegwatmod EXPORTS VARIABLE vegwatmod::d___
!! MODULE vegwatmod EXPORTS VARIABLE vegwatmod::dtsu_count
!! MODULE vegwatmod EXPORTS VARIABLE vegwatmod::dtmax_count
!! MODULE vegwatmod EXPORTS VARIABLE vegwatmod::h__
!! MODULE vegwatmod EXPORTS VARIABLE vegwatmod::M___
!! MODULE vegwatmod EXPORTS VARIABLE vegwatmod::ruptkvec
!! MODULE vegwatmod EXPORTS VARIABLE vegwatmod::ruptkg
!! MODULE vegwatmod EXPORTS VARIABLE vegwatmod::pcapvec
!! MODULE vegwatmod EXPORTS VARIABLE vegwatmod::kfile_dailyweather
!! MODULE vegwatmod EXPORTS VARIABLE vegwatmod::kfile_hourlyweather
!! MODULE vegwatmod EXPORTS VARIABLE vegwatmod::kfile_inputpar
!! MODULE vegwatmod EXPORTS VARIABLE vegwatmod::kfile_resultshourly
!! MODULE vegwatmod EXPORTS VARIABLE vegwatmod::kfile_resultsdaily
!! MODULE vegwatmod EXPORTS VARIABLE vegwatmod::kfile_yearly
!! MODULE vegwatmod EXPORTS VARIABLE vegwatmod::kfile_rsurfdaily
!! MODULE vegwatmod EXPORTS VARIABLE vegwatmod::kfile_delyuhourly
!! MODULE vegwatmod EXPORTS VARIABLE vegwatmod::kfile_ruptkhourly
!! MODULE vegwatmod EXPORTS VARIABLE vegwatmod::kfile_suvechourly
!! MODULE vegwatmod EXPORTS VARIABLE vegwatmod::kfile_soilprofile
!! MODULE vegwatmod EXPORTS VARIABLE vegwatmod::kfile_model_output
!! MODULE vegwatmod EXPORTS VARIABLE vegwatmod::sfile_dailyweather
!! MODULE vegwatmod EXPORTS VARIABLE vegwatmod::sfile_hourlyweather
!! MODULE vegwatmod EXPORTS VARIABLE vegwatmod::sfile_inputpar
!! MODULE vegwatmod EXPORTS VARIABLE vegwatmod::sfile_resultshourly
!! MODULE vegwatmod EXPORTS VARIABLE vegwatmod::sfile_resultsdaily
!! MODULE vegwatmod EXPORTS VARIABLE vegwatmod::sfile_yearly
!! MODULE vegwatmod EXPORTS VARIABLE vegwatmod::sfile_rsurfdaily
!! MODULE vegwatmod EXPORTS VARIABLE vegwatmod::sfile_delyuhourly
!! MODULE vegwatmod EXPORTS VARIABLE vegwatmod::sfile_ruptkhourly
!! MODULE vegwatmod EXPORTS VARIABLE vegwatmod::sfile_suvechourly
!! MODULE vegwatmod EXPORTS VARIABLE vegwatmod::sfile_soilprofile
!! MODULE vegwatmod EXPORTS VARIABLE vegwatmod::sfile_model_output
!! FILE modules.f90 CONTAINS MODULE vegmod
!! HTMLPAGE vegmod.html DESCRIBES MODULE vegmod
!! MODULE vegmod EXPORTS VARIABLE vegmod::optmode
!! MODULE vegmod EXPORTS VARIABLE vegmod::oa
!! MODULE vegmod EXPORTS VARIABLE vegmod::ca_
!! MODULE vegmod EXPORTS VARIABLE vegmod::alpha
!! MODULE vegmod EXPORTS VARIABLE vegmod::rlratio
!! MODULE vegmod EXPORTS VARIABLE vegmod::k25
!! MODULE vegmod EXPORTS VARIABLE vegmod::kopt
!! MODULE vegmod EXPORTS VARIABLE vegmod::ha_
!! MODULE vegmod EXPORTS VARIABLE vegmod::hd
!! MODULE vegmod EXPORTS VARIABLE vegmod::tstart
!! MODULE vegmod EXPORTS VARIABLE vegmod::toptfac
!! MODULE vegmod EXPORTS VARIABLE vegmod::cpccf
!! MODULE vegmod EXPORTS VARIABLE vegmod::tcf
!! MODULE vegmod EXPORTS VARIABLE vegmod::parsaved
!! MODULE vegmod EXPORTS VARIABLE vegmod::ny_
!! MODULE vegmod EXPORTS VARIABLE vegmod::nyt
!! MODULE vegmod EXPORTS VARIABLE vegmod::firstyear
!! MODULE vegmod EXPORTS VARIABLE vegmod::lastyear
!! MODULE vegmod EXPORTS VARIABLE vegmod::a__
!! MODULE vegmod EXPORTS VARIABLE vegmod::pi
!! MODULE vegmod EXPORTS VARIABLE vegmod::mpbar
!! MODULE vegmod EXPORTS VARIABLE vegmod::g___
!! MODULE vegmod EXPORTS VARIABLE vegmod::rho
!! MODULE vegmod EXPORTS VARIABLE vegmod::degree
!! MODULE vegmod EXPORTS VARIABLE vegmod::E__
!! MODULE vegmod EXPORTS VARIABLE vegmod::R__
!! MODULE vegmod EXPORTS VARIABLE vegmod::N__
!! MODULE vegmod EXPORTS VARIABLE vegmod::Nh_
!! MODULE vegmod EXPORTS VARIABLE vegmod::yr_
!! MODULE vegmod EXPORTS VARIABLE vegmod::dtest
!! MODULE vegmod EXPORTS VARIABLE vegmod::pos_
!! MODULE vegmod EXPORTS VARIABLE vegmod::posg
!! MODULE vegmod EXPORTS VARIABLE vegmod::postemp_
!! MODULE vegmod EXPORTS VARIABLE vegmod::postempg
!! MODULE vegmod EXPORTS VARIABLE vegmod::pos1
!! MODULE vegmod EXPORTS VARIABLE vegmod::pos2
!! MODULE vegmod EXPORTS VARIABLE vegmod::srad
!! MODULE vegmod EXPORTS VARIABLE vegmod::tmin
!! MODULE vegmod EXPORTS VARIABLE vegmod::tmax
!! MODULE vegmod EXPORTS VARIABLE vegmod::rainvec
!! MODULE vegmod EXPORTS VARIABLE vegmod::netassvec
!! MODULE vegmod EXPORTS VARIABLE vegmod::epan
!! MODULE vegmod EXPORTS VARIABLE vegmod::vpvec
!! MODULE vegmod EXPORTS VARIABLE vegmod::netassvecg
!! MODULE vegmod EXPORTS VARIABLE vegmod::press
!! MODULE vegmod EXPORTS VARIABLE vegmod::cavec
!! MODULE vegmod EXPORTS VARIABLE vegmod::year
!! MODULE vegmod EXPORTS VARIABLE vegmod::month
!! MODULE vegmod EXPORTS VARIABLE vegmod::day
!! MODULE vegmod EXPORTS VARIABLE vegmod::dayyear
!! MODULE vegmod EXPORTS VARIABLE vegmod::parvec
!! MODULE vegmod EXPORTS VARIABLE vegmod::parh
!! MODULE vegmod EXPORTS VARIABLE vegmod::vdh
!! MODULE vegmod EXPORTS VARIABLE vegmod::tairh
!! MODULE vegmod EXPORTS VARIABLE vegmod::gammastarvec
!! MODULE vegmod EXPORTS VARIABLE vegmod::rainh
!! MODULE vegmod EXPORTS VARIABLE vegmod::cah
!! MODULE vegmod EXPORTS VARIABLE vegmod::hruptkvec
!! MODULE vegmod EXPORTS VARIABLE vegmod::ruptkvec_d
!! MODULE vegmod EXPORTS VARIABLE vegmod::hruptkg
!! MODULE vegmod EXPORTS VARIABLE vegmod::ruptkg_d
!! MODULE vegmod EXPORTS VARIABLE vegmod::reff
!! MODULE vegmod EXPORTS VARIABLE vegmod::reffg
!! MODULE vegmod EXPORTS VARIABLE vegmod::rsurfvec
!! MODULE vegmod EXPORTS VARIABLE vegmod::rsurfnewvec
!! MODULE vegmod EXPORTS VARIABLE vegmod::rsurfg_
!! MODULE vegmod EXPORTS VARIABLE vegmod::rsurfgnew
!! MODULE vegmod EXPORTS VARIABLE vegmod::prootmvec
!! MODULE vegmod EXPORTS VARIABLE vegmod::phydrostaticvec
!! MODULE vegmod EXPORTS VARIABLE vegmod::rsoilvec
!! MODULE vegmod EXPORTS VARIABLE vegmod::error
!! MODULE vegmod EXPORTS VARIABLE vegmod::jact_
!! MODULE vegmod EXPORTS VARIABLE vegmod::lambda_
!! MODULE vegmod EXPORTS VARIABLE vegmod::gstom__
!! MODULE vegmod EXPORTS VARIABLE vegmod::rl__
!! MODULE vegmod EXPORTS VARIABLE vegmod::vd__
!! MODULE vegmod EXPORTS VARIABLE vegmod::transp_
!! MODULE vegmod EXPORTS VARIABLE vegmod::hass_
!! MODULE vegmod EXPORTS VARIABLE vegmod::cpcc_
!! MODULE vegmod EXPORTS VARIABLE vegmod::rr_
!! MODULE vegmod EXPORTS VARIABLE vegmod::lambdafac
!! MODULE vegmod EXPORTS VARIABLE vegmod::gammastar
!! MODULE vegmod EXPORTS VARIABLE vegmod::jmax__
!! MODULE vegmod EXPORTS VARIABLE vegmod::jmax25_
!! MODULE vegmod EXPORTS VARIABLE vegmod::rainyr
!! MODULE vegmod EXPORTS VARIABLE vegmod::epanyr
!! MODULE vegmod EXPORTS VARIABLE vegmod::paryr
!! MODULE vegmod EXPORTS VARIABLE vegmod::radyr
!! MODULE vegmod EXPORTS VARIABLE vegmod::vdyr
!! MODULE vegmod EXPORTS VARIABLE vegmod::etyr
!! MODULE vegmod EXPORTS VARIABLE vegmod::evapyr
!! MODULE vegmod EXPORTS VARIABLE vegmod::etmg_y
!! MODULE vegmod EXPORTS VARIABLE vegmod::assg_y
!! MODULE vegmod EXPORTS VARIABLE vegmod::rlg_y
!! MODULE vegmod EXPORTS VARIABLE vegmod::rrg_y
!! MODULE vegmod EXPORTS VARIABLE vegmod::cpccg_y
!! MODULE vegmod EXPORTS VARIABLE vegmod::tcg_y
!! MODULE vegmod EXPORTS VARIABLE vegmod::etmt_y
!! MODULE vegmod EXPORTS VARIABLE vegmod::asst_y
!! MODULE vegmod EXPORTS VARIABLE vegmod::rlt_y
!! MODULE vegmod EXPORTS VARIABLE vegmod::rrt_y
!! MODULE vegmod EXPORTS VARIABLE vegmod::cpcct_y
!! MODULE vegmod EXPORTS VARIABLE vegmod::tct_y
!! MODULE vegmod EXPORTS VARIABLE vegmod::daylength
!! MODULE vegmod EXPORTS VARIABLE vegmod::tair
!! MODULE vegmod EXPORTS VARIABLE vegmod::vp_
!! MODULE vegmod EXPORTS VARIABLE vegmod::topt_
!! MODULE vegmod EXPORTS VARIABLE vegmod::rootdepth
!! MODULE vegmod EXPORTS VARIABLE vegmod::mq_
!! MODULE vegmod EXPORTS VARIABLE vegmod::mqssmin
!! MODULE vegmod EXPORTS VARIABLE vegmod::dmq
!! MODULE vegmod EXPORTS VARIABLE vegmod::mqnew
!! MODULE vegmod EXPORTS VARIABLE vegmod::mqss_
!! MODULE vegmod EXPORTS VARIABLE vegmod::mqold
!! MODULE vegmod EXPORTS VARIABLE vegmod::hruptk_
!! MODULE vegmod EXPORTS VARIABLE vegmod::tc_
!! MODULE vegmod EXPORTS VARIABLE vegmod::mqssnew
!! MODULE vegmod EXPORTS VARIABLE vegmod::lambdagfac
!! MODULE vegmod EXPORTS VARIABLE vegmod::wsgexp
!! MODULE vegmod EXPORTS VARIABLE vegmod::cpccg
!! MODULE vegmod EXPORTS VARIABLE vegmod::tcg
!! MODULE vegmod EXPORTS VARIABLE vegmod::jmax25g
!! MODULE vegmod EXPORTS VARIABLE vegmod::wsexp
!! MODULE vegmod EXPORTS VARIABLE vegmod::rgdepth
!! MODULE vegmod EXPORTS VARIABLE vegmod::lambdag
!! MODULE vegmod EXPORTS VARIABLE vegmod::rrg
!! MODULE vegmod EXPORTS VARIABLE vegmod::jmaxg__
!! MODULE vegmod EXPORTS VARIABLE vegmod::rlg__
!! MODULE vegmod EXPORTS VARIABLE vegmod::jactg
!! MODULE vegmod EXPORTS VARIABLE vegmod::gstomg__
!! MODULE vegmod EXPORTS VARIABLE vegmod::etmg__
!! MODULE vegmod EXPORTS VARIABLE vegmod::transpg
!! MODULE vegmod EXPORTS VARIABLE vegmod::hassg
!! MODULE vegmod EXPORTS VARIABLE vegmod::hetmg
!! MODULE vegmod EXPORTS VARIABLE vegmod::assg_d
!! MODULE vegmod EXPORTS VARIABLE vegmod::jmaxg_d
!! MODULE vegmod EXPORTS VARIABLE vegmod::gstomg_d
!! MODULE vegmod EXPORTS VARIABLE vegmod::etmg_d
!! MODULE vegmod EXPORTS VARIABLE vegmod::rlg_d
!! MODULE vegmod EXPORTS VARIABLE vegmod::netassg_d
!! MODULE vegmod EXPORTS VARIABLE vegmod::rootlim
!! MODULE vegmod EXPORTS VARIABLE vegmod::changef
!! MODULE vegmod EXPORTS VARIABLE vegmod::md_
!! MODULE vegmod EXPORTS VARIABLE vegmod::mqx_
!! MODULE vegmod EXPORTS VARIABLE vegmod::rsurfmin
!! MODULE vegmod EXPORTS VARIABLE vegmod::rsurfinit
!! MODULE vegmod EXPORTS VARIABLE vegmod::rootrad
!! MODULE vegmod EXPORTS VARIABLE vegmod::rrootm
!! MODULE vegmod EXPORTS VARIABLE vegmod::pcgmin
!! MODULE vegmod EXPORTS VARIABLE vegmod::prootmg
!! MODULE vegmod EXPORTS VARIABLE vegmod::mdf
!! MODULE vegmod EXPORTS VARIABLE vegmod::mqxf
!! MODULE vegmod EXPORTS VARIABLE vegmod::mdstore
!! MODULE vegmod EXPORTS VARIABLE vegmod::growthmax
!! MODULE vegmod EXPORTS VARIABLE vegmod::ruptk_d
!! MODULE vegmod EXPORTS VARIABLE vegmod::jmax_d
!! MODULE vegmod EXPORTS VARIABLE vegmod::rl_d
!! MODULE vegmod EXPORTS VARIABLE vegmod::gstom_d
!! MODULE vegmod EXPORTS VARIABLE vegmod::ass_d
!! MODULE vegmod EXPORTS VARIABLE vegmod::spgfcf_d
!! MODULE vegmod EXPORTS VARIABLE vegmod::infx_d
!! MODULE vegmod EXPORTS VARIABLE vegmod::etm_d
!! MODULE vegmod EXPORTS VARIABLE vegmod::esoil_d
!! MODULE vegmod EXPORTS VARIABLE vegmod::vd_d
!! MODULE vegmod EXPORTS VARIABLE vegmod::time
!! MODULE vegmod EXPORTS VARIABLE vegmod::dtmq
!! FILE modules.f90 CONTAINS MODULE watmod
!! HTMLPAGE watmod.html DESCRIBES MODULE watmod
!! MODULE watmod EXPORTS VARIABLE watmod::nlayersnew
!! MODULE watmod EXPORTS VARIABLE watmod::cz
!! MODULE watmod EXPORTS VARIABLE watmod::cgs
!! MODULE watmod EXPORTS VARIABLE watmod::ksat_
!! MODULE watmod EXPORTS VARIABLE watmod::epsln_
!! MODULE watmod EXPORTS VARIABLE watmod::nvg_
!! MODULE watmod EXPORTS VARIABLE watmod::mvg_
!! MODULE watmod EXPORTS VARIABLE watmod::avg_
!! MODULE watmod EXPORTS VARIABLE watmod::zs_
!! MODULE watmod EXPORTS VARIABLE watmod::zr_
!! MODULE watmod EXPORTS VARIABLE watmod::go_
!! MODULE watmod EXPORTS VARIABLE watmod::thetas_
!! MODULE watmod EXPORTS VARIABLE watmod::thetar_
!! MODULE watmod EXPORTS VARIABLE watmod::wsold
!! MODULE watmod EXPORTS VARIABLE watmod::delz_
!! MODULE watmod EXPORTS VARIABLE watmod::ksatvec
!! MODULE watmod EXPORTS VARIABLE watmod::epslnvec
!! MODULE watmod EXPORTS VARIABLE watmod::nvgvec
!! MODULE watmod EXPORTS VARIABLE watmod::mvgvec
!! MODULE watmod EXPORTS VARIABLE watmod::avgvec
!! MODULE watmod EXPORTS VARIABLE watmod::thetasvec
!! MODULE watmod EXPORTS VARIABLE watmod::thetarvec
!! MODULE watmod EXPORTS VARIABLE watmod::sueqvec
!! MODULE watmod EXPORTS VARIABLE watmod::cH2Ol_s
!! MODULE watmod EXPORTS VARIABLE watmod::iovec
!! MODULE watmod EXPORTS VARIABLE watmod::suvec_
!! MODULE watmod EXPORTS VARIABLE watmod::sunewvec
!! MODULE watmod EXPORTS VARIABLE watmod::kunsatvec
!! MODULE watmod EXPORTS VARIABLE watmod::delzvec
!! MODULE watmod EXPORTS VARIABLE watmod::qblvec
!! MODULE watmod EXPORTS VARIABLE watmod::dsuvec
!! MODULE watmod EXPORTS VARIABLE watmod::pcapnewvec
!! MODULE watmod EXPORTS VARIABLE watmod::kunsatnewvec
!! MODULE watmod EXPORTS VARIABLE watmod::ys_
!! MODULE watmod EXPORTS VARIABLE watmod::esoil__
!! MODULE watmod EXPORTS VARIABLE watmod::ysnew
!! MODULE watmod EXPORTS VARIABLE watmod::wsnew_
!! MODULE watmod EXPORTS VARIABLE watmod::io_
!! MODULE watmod EXPORTS VARIABLE watmod::iocum
!! MODULE watmod EXPORTS VARIABLE watmod::spgfcf__
!! MODULE watmod EXPORTS VARIABLE watmod::hspgfcf
!! MODULE watmod EXPORTS VARIABLE watmod::infx__
!! MODULE watmod EXPORTS VARIABLE watmod::hinfx
!! MODULE watmod EXPORTS VARIABLE watmod::hio
!! MODULE watmod EXPORTS VARIABLE watmod::hesoil
!! MODULE watmod EXPORTS VARIABLE watmod::hetm_
!! MODULE watmod EXPORTS VARIABLE watmod::inf_
!! MODULE watmod EXPORTS VARIABLE watmod::hinf_
!! FILE modules.f90 CONTAINS MODULE sce_mod
!! HTMLPAGE sce_mod.html DESCRIBES MODULE sce_mod
!! MODULE sce_mod EXPORTS VARIABLE sce_mod::success
!! MODULE sce_mod EXPORTS VARIABLE sce_mod::npar
!! MODULE sce_mod EXPORTS VARIABLE sce_mod::ncomp
!! MODULE sce_mod EXPORTS VARIABLE sce_mod::ncompmin
!! MODULE sce_mod EXPORTS VARIABLE sce_mod::ncomp2
!! MODULE sce_mod EXPORTS VARIABLE sce_mod::nopt
!! MODULE sce_mod EXPORTS VARIABLE sce_mod::mopt
!! MODULE sce_mod EXPORTS VARIABLE sce_mod::sopt
!! MODULE sce_mod EXPORTS VARIABLE sce_mod::qopt
!! MODULE sce_mod EXPORTS VARIABLE sce_mod::alpha
!! MODULE sce_mod EXPORTS VARIABLE sce_mod::nrun
!! MODULE sce_mod EXPORTS VARIABLE sce_mod::nloop
!! MODULE sce_mod EXPORTS VARIABLE sce_mod::nsincebest
!! MODULE sce_mod EXPORTS VARIABLE sce_mod::patience
!! MODULE sce_mod EXPORTS VARIABLE sce_mod::command
!! MODULE sce_mod EXPORTS VARIABLE sce_mod::optid
!! MODULE sce_mod EXPORTS VARIABLE sce_mod::ranscal
!! MODULE sce_mod EXPORTS VARIABLE sce_mod::focus
!! MODULE sce_mod EXPORTS VARIABLE sce_mod::worstbest
!! MODULE sce_mod EXPORTS VARIABLE sce_mod::bestobj
!! MODULE sce_mod EXPORTS VARIABLE sce_mod::bestincomp
!! MODULE sce_mod EXPORTS VARIABLE sce_mod::resolution
!! MODULE sce_mod EXPORTS VARIABLE sce_mod::wgt
!! MODULE sce_mod EXPORTS VARIABLE sce_mod::cv_
!! MODULE sce_mod EXPORTS VARIABLE sce_mod::ranarr
!! MODULE sce_mod EXPORTS VARIABLE sce_mod::shufflevar
!! MODULE sce_mod EXPORTS VARIABLE sce_mod::parval
!! MODULE sce_mod EXPORTS VARIABLE sce_mod::parmin
!! MODULE sce_mod EXPORTS VARIABLE sce_mod::parmax
!! MODULE sce_mod EXPORTS VARIABLE sce_mod::ofvec
!! MODULE sce_mod EXPORTS VARIABLE sce_mod::parname
!! MODULE sce_mod EXPORTS VARIABLE sce_mod::evolution
!! MODULE sce_mod EXPORTS VARIABLE sce_mod::outformat
!! MODULE sce_mod EXPORTS VARIABLE sce_mod::loopformat
!! MODULE sce_mod EXPORTS VARIABLE sce_mod::dataarray
!! MODULE sce_mod EXPORTS VARIABLE sce_mod::shufflevar2
!! MODULE sce_mod EXPORTS VARIABLE sce_mod::parentsid
!! MODULE sce_mod EXPORTS VARIABLE sce_mod::objfunsub
!! MODULE sce_mod EXPORTS VARIABLE sce_mod::invarsub
!! MODULE sce_mod EXPORTS VARIABLE sce_mod::selected
!! MODULE sce_mod EXPORTS VARIABLE sce_mod::centroid
!! MODULE sce_mod EXPORTS VARIABLE sce_mod::newpoint
!! MODULE sce_mod EXPORTS VARIABLE sce_mod::kfile_sceout
!! MODULE sce_mod EXPORTS VARIABLE sce_mod::kfile_shufflepar
!! MODULE sce_mod EXPORTS VARIABLE sce_mod::kfile_progress
!! MODULE sce_mod EXPORTS VARIABLE sce_mod::kfile_lastloop
!! MODULE sce_mod EXPORTS VARIABLE sce_mod::kfile_currentbest
!! MODULE sce_mod EXPORTS VARIABLE sce_mod::kfile_bestpars
!! MODULE sce_mod EXPORTS VARIABLE sce_mod::kfile_finalbest
!! MODULE sce_mod EXPORTS VARIABLE sce_mod::sfile_sceout
!! MODULE sce_mod EXPORTS VARIABLE sce_mod::sfile_shufflepar
!! MODULE sce_mod EXPORTS VARIABLE sce_mod::sfile_progress
!! MODULE sce_mod EXPORTS VARIABLE sce_mod::sfile_lastloop
!! MODULE sce_mod EXPORTS VARIABLE sce_mod::sfile_currentbest
!! MODULE sce_mod EXPORTS VARIABLE sce_mod::sfile_bestpars
!! MODULE sce_mod EXPORTS VARIABLE sce_mod::sfile_finalbest
!! FILE sce.f90 CONTAINS SUBROUTINE sce
!! HTMLPAGE sce.html DESCRIBES SUBROUTINE sce
!! SUBROUTINE sce USES MODULE sce_mod
!! SUBROUTINE sce CALLS SUBROUTINE sce_init
!! SUBROUTINE sce CALLS SUBROUTINE initialseed
!! SUBROUTINE sce CALLS SUBROUTINE sortcomp
!! SUBROUTINE sce CALLS SUBROUTINE writepars
!! SUBROUTINE sce CALLS SUBROUTINE run_cce
!! SUBROUTINE sce CALLS SUBROUTINE ck_success
!! SUBROUTINE sce CALLS ?FUNCTION ofvec
!! SUBROUTINE sce CALLS ?FUNCTION cv_
!! SUBROUTINE sce CALLS ?FUNCTION shufflevar
!! SUBROUTINE sce CALLS ?FUNCTION optid
!! SUBROUTINE sce CALLS ?FUNCTION parname
!! FILE sce.f90 CONTAINS SUBROUTINE sce_init
!! HTMLPAGE sce_init.html DESCRIBES SUBROUTINE sce_init
!! SUBROUTINE sce_init USES MODULE sce_mod
!! SUBROUTINE sce_init CALLS ?FUNCTION parname
!! SUBROUTINE sce_init CALLS ?FUNCTION parval
!! SUBROUTINE sce_init CALLS ?FUNCTION parmin
!! SUBROUTINE sce_init CALLS ?FUNCTION parmax
!! SUBROUTINE sce_init CALLS ?FUNCTION optid
!! SUBROUTINE sce_init CALLS ?FUNCTION shufflevar
!! SUBROUTINE sce_init CALLS ?FUNCTION ofvec
!! SUBROUTINE sce_init CALLS ?FUNCTION wgt
!! SUBROUTINE sce_init CALLS ?FUNCTION cv_
!! SUBROUTINE sce_init CALLS ?FUNCTION ranarr
!! SUBROUTINE sce_init CALLS ?FUNCTION dataarray
!! SUBROUTINE sce_init CALLS ?FUNCTION shufflevar2
!! SUBROUTINE sce_init CALLS ?FUNCTION parentsid
!! SUBROUTINE sce_init CALLS ?FUNCTION objfunsub
!! SUBROUTINE sce_init CALLS ?FUNCTION invarsub
!! SUBROUTINE sce_init CALLS ?FUNCTION selected
!! SUBROUTINE sce_init CALLS ?FUNCTION centroid
!! SUBROUTINE sce_init CALLS ?FUNCTION newpoint
!! FILE sce.f90 CONTAINS SUBROUTINE initialseed
!! HTMLPAGE initialseed.html DESCRIBES SUBROUTINE initialseed
!! SUBROUTINE initialseed USES MODULE sce_mod
!! SUBROUTINE initialseed CALLS SUBROUTINE runmodel
!! SUBROUTINE initialseed CALLS SUBROUTINE writepars
!! SUBROUTINE initialseed CALLS SUBROUTINE writeloop
!! SUBROUTINE initialseed CALLS ?FUNCTION ofvec
!! SUBROUTINE initialseed CALLS ?FUNCTION optid
!! SUBROUTINE initialseed CALLS ?FUNCTION parmin
!! SUBROUTINE initialseed CALLS ?FUNCTION parmax
!! SUBROUTINE initialseed CALLS ?FUNCTION shufflevar
!! SUBROUTINE initialseed CALLS ?FUNCTION ranarr
!! FILE sce.f90 CONTAINS SUBROUTINE ck_success
!! HTMLPAGE ck_success.html DESCRIBES SUBROUTINE ck_success
!! SUBROUTINE ck_success USES MODULE sce_mod
!! SUBROUTINE ck_success CALLS SUBROUTINE optsensitivity
!! SUBROUTINE ck_success CALLS SUBROUTINE sortcomp
!! SUBROUTINE ck_success CALLS SUBROUTINE writepars
!! FILE sce.f90 CONTAINS SUBROUTINE optsensitivity
!! HTMLPAGE optsensitivity.html DESCRIBES SUBROUTINE optsensitivity
!! SUBROUTINE optsensitivity USES MODULE sce_mod
!! SUBROUTINE optsensitivity CALLS SUBROUTINE transpmodel
!! SUBROUTINE optsensitivity CALLS ?FUNCTION ofvec
!! SUBROUTINE optsensitivity CALLS ?FUNCTION dataarray
!! SUBROUTINE optsensitivity CALLS ?FUNCTION optid
!! SUBROUTINE optsensitivity CALLS ?FUNCTION shufflevar2
!! SUBROUTINE optsensitivity CALLS ?FUNCTION parmin
!! SUBROUTINE optsensitivity CALLS ?FUNCTION parmax
!! SUBROUTINE optsensitivity CALLS ?FUNCTION parname
!! FILE sce.f90 CONTAINS SUBROUTINE run_cce
!! HTMLPAGE run_cce.html DESCRIBES SUBROUTINE run_cce
!! SUBROUTINE run_cce USES MODULE sce_mod
!! SUBROUTINE run_cce CALLS SUBROUTINE cce
!! SUBROUTINE run_cce CALLS SUBROUTINE writeloop
!! SUBROUTINE run_cce CALLS ?FUNCTION ofvec
!! FILE sce.f90 CONTAINS SUBROUTINE cce
!! HTMLPAGE cce.html DESCRIBES SUBROUTINE cce
!! SUBROUTINE cce USES MODULE sce_mod
!! SUBROUTINE cce CALLS SUBROUTINE simplex
!! SUBROUTINE cce CALLS SUBROUTINE sortcomp
!! SUBROUTINE cce CALLS ?FUNCTION selected
!! SUBROUTINE cce CALLS ?FUNCTION parentsid
!! FILE sce.f90 CONTAINS SUBROUTINE simplex
!! HTMLPAGE simplex.html DESCRIBES SUBROUTINE simplex
!! SUBROUTINE simplex USES MODULE sce_mod
!! SUBROUTINE simplex CALLS SUBROUTINE runmodel
!! SUBROUTINE simplex CALLS ?FUNCTION centroid
!! SUBROUTINE simplex CALLS ?FUNCTION newpoint
!! SUBROUTINE simplex CALLS ?FUNCTION optid
!! SUBROUTINE simplex CALLS ?FUNCTION parmin
!! SUBROUTINE simplex CALLS ?FUNCTION parmax
!! SUBROUTINE simplex CALLS ?FUNCTION ranarr
!! FILE sce.f90 CONTAINS SUBROUTINE runmodel
!! HTMLPAGE runmodel.html DESCRIBES SUBROUTINE runmodel
!! SUBROUTINE runmodel USES MODULE sce_mod
!! SUBROUTINE runmodel CALLS SUBROUTINE transpmodel
!! FILE sce.f90 CONTAINS SUBROUTINE sortcomp
!! HTMLPAGE sortcomp.html DESCRIBES SUBROUTINE sortcomp
!! SUBROUTINE sortcomp CALLS SUBROUTINE qsort
!! FILE sce.f90 CONTAINS SUBROUTINE writeloop
!! HTMLPAGE writeloop.html DESCRIBES SUBROUTINE writeloop
!! SUBROUTINE writeloop USES MODULE sce_mod
!! FILE sce.f90 CONTAINS SUBROUTINE writepars
!! HTMLPAGE writepars.html DESCRIBES SUBROUTINE writepars
!! SUBROUTINE writepars USES MODULE sce_mod
!! SUBROUTINE writepars CALLS ?FUNCTION parmin
!! SUBROUTINE writepars CALLS ?FUNCTION shufflevar
!! SUBROUTINE writepars CALLS ?FUNCTION cv_
!! SUBROUTINE writepars CALLS ?FUNCTION optid
!! SUBROUTINE writepars CALLS ?FUNCTION parmax
!! SUBROUTINE writepars CALLS ?FUNCTION parname
!! FILE sce.f90 CONTAINS SUBROUTINE qsort
!! HTMLPAGE qsort.html DESCRIBES SUBROUTINE qsort
!! FILE transpmodel.f90 CONTAINS SUBROUTINE transpmodel
!! HTMLPAGE transpmodel.html DESCRIBES SUBROUTINE transpmodel
!! SUBROUTINE transpmodel USES MODULE vegmod
!! SUBROUTINE transpmodel USES MODULE vegwatmod
!! SUBROUTINE transpmodel CALLS SUBROUTINE vom_read_input
!! SUBROUTINE transpmodel CALLS SUBROUTINE vom_alloc
!! SUBROUTINE transpmodel CALLS SUBROUTINE vom_open_output
!! SUBROUTINE transpmodel CALLS SUBROUTINE vom_open_ncp_output
!! SUBROUTINE transpmodel CALLS SUBROUTINE vom_get_soilprofile
!! SUBROUTINE transpmodel CALLS SUBROUTINE vom_get_hourly_clim
!! SUBROUTINE transpmodel CALLS SUBROUTINE vom_init_vegpar
!! SUBROUTINE transpmodel CALLS SUBROUTINE vom_daily_init
!! SUBROUTINE transpmodel CALLS SUBROUTINE vom_hourly_init
!! SUBROUTINE transpmodel CALLS SUBROUTINE vom_gstom
!! SUBROUTINE transpmodel CALLS SUBROUTINE vom_subhourly_init
!! SUBROUTINE transpmodel CALLS SUBROUTINE vom_rootuptake
!! SUBROUTINE transpmodel CALLS SUBROUTINE vom_mqss
!! SUBROUTINE transpmodel CALLS SUBROUTINE vom_tissue_water_et
!! SUBROUTINE transpmodel CALLS SUBROUTINE vom_subhourly
!! SUBROUTINE transpmodel CALLS SUBROUTINE vom_add_hourly
!! SUBROUTINE transpmodel CALLS SUBROUTINE vom_add_daily
!! SUBROUTINE transpmodel CALLS SUBROUTINE vom_write_hourly
!! SUBROUTINE transpmodel CALLS SUBROUTINE vom_check_water
!! SUBROUTINE transpmodel CALLS SUBROUTINE vom_write_dayyear
!! SUBROUTINE transpmodel CALLS SUBROUTINE vom_add_yearly
!! SUBROUTINE transpmodel CALLS SUBROUTINE vom_adapt_foliage
!! SUBROUTINE transpmodel CALLS SUBROUTINE vom_adapt_roots
!! SUBROUTINE transpmodel CALLS SUBROUTINE vom_write_model_output
!! SUBROUTINE transpmodel CALLS ?FUNCTION hassg
!! SUBROUTINE transpmodel CALLS ?FUNCTION hass_
!! SUBROUTINE transpmodel CALLS ?FUNCTION tcg
!! SUBROUTINE transpmodel CALLS ?FUNCTION cpccg
!! FILE transpmodel.f90 CONTAINS SUBROUTINE vom_read_input
!! HTMLPAGE vom_read_input.html DESCRIBES SUBROUTINE vom_read_input
!! SUBROUTINE vom_read_input USES MODULE vegmod
!! SUBROUTINE vom_read_input USES MODULE vegwatmod
!! SUBROUTINE vom_read_input USES MODULE watmod
!! FILE transpmodel.f90 CONTAINS SUBROUTINE vom_alloc
!! HTMLPAGE vom_alloc.html DESCRIBES SUBROUTINE vom_alloc
!! SUBROUTINE vom_alloc USES MODULE vegmod
!! SUBROUTINE vom_alloc USES MODULE vegwatmod
!! SUBROUTINE vom_alloc USES MODULE watmod
!! SUBROUTINE vom_alloc CALLS ?FUNCTION srad
!! SUBROUTINE vom_alloc CALLS ?FUNCTION tmin
!! SUBROUTINE vom_alloc CALLS ?FUNCTION tmax
!! SUBROUTINE vom_alloc CALLS ?FUNCTION rainvec
!! SUBROUTINE vom_alloc CALLS ?FUNCTION press
!! SUBROUTINE vom_alloc CALLS ?FUNCTION year
!! SUBROUTINE vom_alloc CALLS ?FUNCTION month
!! SUBROUTINE vom_alloc CALLS ?FUNCTION day
!! SUBROUTINE vom_alloc CALLS ?FUNCTION dayyear
!! SUBROUTINE vom_alloc CALLS ?FUNCTION vpvec
!! SUBROUTINE vom_alloc CALLS ?FUNCTION epan
!! SUBROUTINE vom_alloc CALLS ?FUNCTION cavec
!! SUBROUTINE vom_alloc CALLS ?FUNCTION parvec
!! SUBROUTINE vom_alloc CALLS ?FUNCTION netassvec
!! SUBROUTINE vom_alloc CALLS ?FUNCTION netassvecg
!! SUBROUTINE vom_alloc CALLS ?FUNCTION parh
!! SUBROUTINE vom_alloc CALLS ?FUNCTION vdh
!! SUBROUTINE vom_alloc CALLS ?FUNCTION tairh
!! SUBROUTINE vom_alloc CALLS ?FUNCTION gammastarvec
!! SUBROUTINE vom_alloc CALLS ?FUNCTION rainh
!! SUBROUTINE vom_alloc CALLS ?FUNCTION cah
!! SUBROUTINE vom_alloc CALLS ?FUNCTION pcapvec
!! SUBROUTINE vom_alloc CALLS ?FUNCTION suvec_
!! SUBROUTINE vom_alloc CALLS ?FUNCTION ruptkvec
!! SUBROUTINE vom_alloc CALLS ?FUNCTION sunewvec
!! SUBROUTINE vom_alloc CALLS ?FUNCTION kunsatvec
!! SUBROUTINE vom_alloc CALLS ?FUNCTION delzvec
!! SUBROUTINE vom_alloc CALLS ?FUNCTION rsurfvec
!! SUBROUTINE vom_alloc CALLS ?FUNCTION rsurfnewvec
!! SUBROUTINE vom_alloc CALLS ?FUNCTION qblvec
!! SUBROUTINE vom_alloc CALLS ?FUNCTION dsuvec
!! SUBROUTINE vom_alloc CALLS ?FUNCTION phydrostaticvec
!! SUBROUTINE vom_alloc CALLS ?FUNCTION prootmvec
!! SUBROUTINE vom_alloc CALLS ?FUNCTION pcapnewvec
!! SUBROUTINE vom_alloc CALLS ?FUNCTION ruptkvec_d
!! SUBROUTINE vom_alloc CALLS ?FUNCTION hruptkvec
!! SUBROUTINE vom_alloc CALLS ?FUNCTION hruptkg
!! SUBROUTINE vom_alloc CALLS ?FUNCTION ruptkg_d
!! SUBROUTINE vom_alloc CALLS ?FUNCTION reff
!! SUBROUTINE vom_alloc CALLS ?FUNCTION reffg
!! SUBROUTINE vom_alloc CALLS ?FUNCTION ruptkg
!! SUBROUTINE vom_alloc CALLS ?FUNCTION rsurfg_
!! SUBROUTINE vom_alloc CALLS ?FUNCTION rsurfgnew
!! SUBROUTINE vom_alloc CALLS ?FUNCTION rsoilvec
!! SUBROUTINE vom_alloc CALLS ?FUNCTION kunsatnewvec
!! SUBROUTINE vom_alloc CALLS ?FUNCTION ksatvec
!! SUBROUTINE vom_alloc CALLS ?FUNCTION epslnvec
!! SUBROUTINE vom_alloc CALLS ?FUNCTION thetasvec
!! SUBROUTINE vom_alloc CALLS ?FUNCTION thetarvec
!! SUBROUTINE vom_alloc CALLS ?FUNCTION sueqvec
!! SUBROUTINE vom_alloc CALLS ?FUNCTION ch2ol_s
!! SUBROUTINE vom_alloc CALLS ?FUNCTION iovec
!! SUBROUTINE vom_alloc CALLS ?FUNCTION avgvec
!! SUBROUTINE vom_alloc CALLS ?FUNCTION nvgvec
!! SUBROUTINE vom_alloc CALLS ?FUNCTION mvgvec
!! FILE transpmodel.f90 CONTAINS SUBROUTINE vom_open_output
!! HTMLPAGE vom_open_output.html DESCRIBES SUBROUTINE vom_open_output
!! SUBROUTINE vom_open_output USES MODULE vegmod
!! SUBROUTINE vom_open_output USES MODULE vegwatmod
!! FILE transpmodel.f90 CONTAINS SUBROUTINE vom_open_ncp_output
!! HTMLPAGE vom_open_ncp_output.html DESCRIBES SUBROUTINE vom_open_ncp_output
!! SUBROUTINE vom_open_ncp_output USES MODULE vegwatmod
!! FILE transpmodel.f90 CONTAINS SUBROUTINE vom_get_soilprofile
!! HTMLPAGE vom_get_soilprofile.html DESCRIBES SUBROUTINE vom_get_soilprofile
!! SUBROUTINE vom_get_soilprofile USES MODULE watmod
!! SUBROUTINE vom_get_soilprofile USES MODULE vegwatmod
!! SUBROUTINE vom_get_soilprofile CALLS ?FUNCTION ksatvec
!! SUBROUTINE vom_get_soilprofile CALLS ?FUNCTION thetarvec
!! SUBROUTINE vom_get_soilprofile CALLS ?FUNCTION delzvec
!! SUBROUTINE vom_get_soilprofile CALLS ?FUNCTION nvgvec
!! SUBROUTINE vom_get_soilprofile CALLS ?FUNCTION thetasvec
!! SUBROUTINE vom_get_soilprofile CALLS ?FUNCTION avgvec
!! SUBROUTINE vom_get_soilprofile CALLS ?FUNCTION epslnvec
!! SUBROUTINE vom_get_soilprofile CALLS ?FUNCTION mvgvec
!! FILE transpmodel.f90 CONTAINS SUBROUTINE vom_get_hourly_clim
!! HTMLPAGE vom_get_hourly_clim.html DESCRIBES SUBROUTINE vom_get_hourly_clim
!! SUBROUTINE vom_get_hourly_clim USES MODULE vegwatmod
!! SUBROUTINE vom_get_hourly_clim USES MODULE vegmod
!! SUBROUTINE vom_get_hourly_clim CALLS SUBROUTINE vom_calc_derived
!! SUBROUTINE vom_get_hourly_clim CALLS ?FUNCTION month
!! SUBROUTINE vom_get_hourly_clim CALLS ?FUNCTION srad
!! SUBROUTINE vom_get_hourly_clim CALLS ?FUNCTION vpvec
!! SUBROUTINE vom_get_hourly_clim CALLS ?FUNCTION dayyear
!! SUBROUTINE vom_get_hourly_clim CALLS ?FUNCTION epan
!! SUBROUTINE vom_get_hourly_clim CALLS ?FUNCTION day
!! SUBROUTINE vom_get_hourly_clim CALLS ?FUNCTION press
!! SUBROUTINE vom_get_hourly_clim CALLS ?FUNCTION rainvec
!! SUBROUTINE vom_get_hourly_clim CALLS ?FUNCTION tmin
!! SUBROUTINE vom_get_hourly_clim CALLS ?FUNCTION tmax
!! SUBROUTINE vom_get_hourly_clim CALLS ?FUNCTION cavec
!! SUBROUTINE vom_get_hourly_clim CALLS ?FUNCTION year
!! SUBROUTINE vom_get_hourly_clim CALLS ?FUNCTION cah
!! SUBROUTINE vom_get_hourly_clim CALLS ?FUNCTION rainh
!! SUBROUTINE vom_get_hourly_clim CALLS ?FUNCTION parh
!! SUBROUTINE vom_get_hourly_clim CALLS ?FUNCTION tairh
!! SUBROUTINE vom_get_hourly_clim CALLS ?FUNCTION vdh
!! SUBROUTINE vom_get_hourly_clim CALLS ?FUNCTION gammastarvec
!! FILE transpmodel.f90 CONTAINS SUBROUTINE vom_calc_derived
!! HTMLPAGE vom_calc_derived.html DESCRIBES SUBROUTINE vom_calc_derived
!! SUBROUTINE vom_calc_derived USES MODULE vegwatmod
!! SUBROUTINE vom_calc_derived USES MODULE vegmod
!! SUBROUTINE vom_calc_derived CALLS ?FUNCTION dayyear
!! SUBROUTINE vom_calc_derived CALLS ?FUNCTION tmin
!! SUBROUTINE vom_calc_derived CALLS ?FUNCTION tmax
!! SUBROUTINE vom_calc_derived CALLS ?FUNCTION vpvec
!! SUBROUTINE vom_calc_derived CALLS ?FUNCTION tairh
!! SUBROUTINE vom_calc_derived CALLS ?FUNCTION cah
!! SUBROUTINE vom_calc_derived CALLS ?FUNCTION cavec
!! SUBROUTINE vom_calc_derived CALLS ?FUNCTION press
!! SUBROUTINE vom_calc_derived CALLS ?FUNCTION vdh
!! SUBROUTINE vom_calc_derived CALLS ?FUNCTION rainh
!! SUBROUTINE vom_calc_derived CALLS ?FUNCTION rainvec
!! SUBROUTINE vom_calc_derived CALLS ?FUNCTION parh
!! SUBROUTINE vom_calc_derived CALLS ?FUNCTION parvec
!! SUBROUTINE vom_calc_derived CALLS ?FUNCTION month
!! SUBROUTINE vom_calc_derived CALLS ?FUNCTION day
!! SUBROUTINE vom_calc_derived CALLS ?FUNCTION year
!! SUBROUTINE vom_calc_derived CALLS ?FUNCTION gammastarvec
!! FILE transpmodel.f90 CONTAINS SUBROUTINE vom_init_vegpar
!! HTMLPAGE vom_init_vegpar.html DESCRIBES SUBROUTINE vom_init_vegpar
!! SUBROUTINE vom_init_vegpar USES MODULE vegwatmod
!! SUBROUTINE vom_init_vegpar USES MODULE vegmod
!! SUBROUTINE vom_init_vegpar USES MODULE watmod
!! SUBROUTINE vom_init_vegpar CALLS SUBROUTINE waterbalance
!! SUBROUTINE vom_init_vegpar CALLS ?FUNCTION delzvec
!! SUBROUTINE vom_init_vegpar CALLS ?FUNCTION jmax25_
!! SUBROUTINE vom_init_vegpar CALLS ?FUNCTION jmax25g
!! SUBROUTINE vom_init_vegpar CALLS ?FUNCTION pcg_
!! SUBROUTINE vom_init_vegpar CALLS ?FUNCTION year
!! FILE transpmodel.f90 CONTAINS SUBROUTINE vom_daily_init
!! HTMLPAGE vom_daily_init.html DESCRIBES SUBROUTINE vom_daily_init
!! SUBROUTINE vom_daily_init USES MODULE vegwatmod
!! SUBROUTINE vom_daily_init USES MODULE vegmod
!! SUBROUTINE vom_daily_init USES MODULE watmod
!! SUBROUTINE vom_daily_init CALLS ?FUNCTION pcapnewvec
!! SUBROUTINE vom_daily_init CALLS ?FUNCTION pcg_
!! SUBROUTINE vom_daily_init CALLS ?FUNCTION tmax
!! SUBROUTINE vom_daily_init CALLS ?FUNCTION tmin
!! SUBROUTINE vom_daily_init CALLS ?FUNCTION rainvec
!! SUBROUTINE vom_daily_init CALLS ?FUNCTION parvec
!! SUBROUTINE vom_daily_init CALLS ?FUNCTION srad
!! FILE transpmodel.f90 CONTAINS SUBROUTINE vom_hourly_init
!! HTMLPAGE vom_hourly_init.html DESCRIBES SUBROUTINE vom_hourly_init
!! SUBROUTINE vom_hourly_init USES MODULE vegmod
!! SUBROUTINE vom_hourly_init USES MODULE vegwatmod
!! SUBROUTINE vom_hourly_init USES MODULE watmod
!! SUBROUTINE vom_hourly_init CALLS ?FUNCTION rainh
!! SUBROUTINE vom_hourly_init CALLS ?FUNCTION gammastarvec
!! SUBROUTINE vom_hourly_init CALLS ?FUNCTION tairh
!! SUBROUTINE vom_hourly_init CALLS ?FUNCTION vdh
!! SUBROUTINE vom_hourly_init CALLS ?FUNCTION parh
!! SUBROUTINE vom_hourly_init CALLS ?FUNCTION cah
!! SUBROUTINE vom_hourly_init CALLS ?FUNCTION rainvec
!! SUBROUTINE vom_hourly_init CALLS ?FUNCTION parvec
!! SUBROUTINE vom_hourly_init CALLS ?FUNCTION srad
!! SUBROUTINE vom_hourly_init CALLS ?FUNCTION tmax
!! SUBROUTINE vom_hourly_init CALLS ?FUNCTION tmin
!! FILE transpmodel.f90 CONTAINS SUBROUTINE vom_gstom
!! HTMLPAGE vom_gstom.html DESCRIBES SUBROUTINE vom_gstom
!! SUBROUTINE vom_gstom USES MODULE vegmod
!! SUBROUTINE vom_gstom USES MODULE vegwatmod
!! SUBROUTINE vom_gstom CALLS ?FUNCTION rl__
!! SUBROUTINE vom_gstom CALLS ?FUNCTION jact_
!! FILE transpmodel.f90 CONTAINS SUBROUTINE vom_subhourly_init
!! HTMLPAGE vom_subhourly_init.html DESCRIBES SUBROUTINE vom_subhourly_init
!! SUBROUTINE vom_subhourly_init USES MODULE vegwatmod
!! SUBROUTINE vom_subhourly_init USES MODULE vegmod
!! SUBROUTINE vom_subhourly_init USES MODULE watmod
!! FILE transpmodel.f90 CONTAINS SUBROUTINE vom_rootuptake
!! HTMLPAGE vom_rootuptake.html DESCRIBES SUBROUTINE vom_rootuptake
!! SUBROUTINE vom_rootuptake USES MODULE vegwatmod
!! SUBROUTINE vom_rootuptake USES MODULE vegmod
!! SUBROUTINE vom_rootuptake USES MODULE watmod
!! SUBROUTINE vom_rootuptake CALLS ?FUNCTION phydrostaticvec
!! FILE transpmodel.f90 CONTAINS SUBROUTINE vom_mqss
!! HTMLPAGE vom_mqss.html DESCRIBES SUBROUTINE vom_mqss
!! SUBROUTINE vom_mqss USES MODULE vegwatmod
!! SUBROUTINE vom_mqss USES MODULE vegmod
!! FILE transpmodel.f90 CONTAINS SUBROUTINE vom_tissue_water_et
!! HTMLPAGE vom_tissue_water_et.html DESCRIBES SUBROUTINE vom_tissue_water_et
!! SUBROUTINE vom_tissue_water_et USES MODULE vegwatmod
!! SUBROUTINE vom_tissue_water_et USES MODULE vegmod
!! SUBROUTINE vom_tissue_water_et CALLS SUBROUTINE vom_mqss
!! SUBROUTINE vom_tissue_water_et CALLS ?FUNCTION month
!! SUBROUTINE vom_tissue_water_et CALLS ?FUNCTION day
!! SUBROUTINE vom_tissue_water_et CALLS ?FUNCTION year
!! FILE transpmodel.f90 CONTAINS SUBROUTINE vom_subhourly
!! HTMLPAGE vom_subhourly.html DESCRIBES SUBROUTINE vom_subhourly
!! SUBROUTINE vom_subhourly USES MODULE vegwatmod
!! SUBROUTINE vom_subhourly USES MODULE vegmod
!! SUBROUTINE vom_subhourly CALLS SUBROUTINE waterbalance
!! FILE transpmodel.f90 CONTAINS SUBROUTINE vom_add_hourly
!! HTMLPAGE vom_add_hourly.html DESCRIBES SUBROUTINE vom_add_hourly
!! SUBROUTINE vom_add_hourly USES MODULE vegwatmod
!! SUBROUTINE vom_add_hourly USES MODULE vegmod
!! SUBROUTINE vom_add_hourly USES MODULE watmod
!! SUBROUTINE vom_add_hourly CALLS ?FUNCTION etmg__
!! FILE transpmodel.f90 CONTAINS SUBROUTINE vom_add_daily
!! HTMLPAGE vom_add_daily.html DESCRIBES SUBROUTINE vom_add_daily
!! SUBROUTINE vom_add_daily USES MODULE vegwatmod
!! SUBROUTINE vom_add_daily USES MODULE vegmod
!! SUBROUTINE vom_add_daily USES MODULE watmod
!! SUBROUTINE vom_add_daily CALLS ?FUNCTION hass_
!! SUBROUTINE vom_add_daily CALLS ?FUNCTION netassvec
!! SUBROUTINE vom_add_daily CALLS ?FUNCTION tcg
!! SUBROUTINE vom_add_daily CALLS ?FUNCTION cpccg
!! SUBROUTINE vom_add_daily CALLS ?FUNCTION hassg
!! SUBROUTINE vom_add_daily CALLS ?FUNCTION netassvecg
!! SUBROUTINE vom_add_daily CALLS ?FUNCTION jmax__
!! SUBROUTINE vom_add_daily CALLS ?FUNCTION jmaxg__
!! SUBROUTINE vom_add_daily CALLS ?FUNCTION gstomg__
!! SUBROUTINE vom_add_daily CALLS ?FUNCTION rl__
!! SUBROUTINE vom_add_daily CALLS ?FUNCTION rlg__
!! FILE transpmodel.f90 CONTAINS SUBROUTINE vom_write_hourly
!! HTMLPAGE vom_write_hourly.html DESCRIBES SUBROUTINE vom_write_hourly
!! SUBROUTINE vom_write_hourly USES MODULE vegwatmod
!! SUBROUTINE vom_write_hourly USES MODULE vegmod
!! SUBROUTINE vom_write_hourly USES MODULE watmod
!! SUBROUTINE vom_write_hourly CALLS ?FUNCTION year
!! SUBROUTINE vom_write_hourly CALLS ?FUNCTION month
!! SUBROUTINE vom_write_hourly CALLS ?FUNCTION rl__
!! SUBROUTINE vom_write_hourly CALLS ?FUNCTION hass_
!! SUBROUTINE vom_write_hourly CALLS ?FUNCTION jmax25_
!! SUBROUTINE vom_write_hourly CALLS ?FUNCTION hassg
!! SUBROUTINE vom_write_hourly CALLS ?FUNCTION jmax25g
!! SUBROUTINE vom_write_hourly CALLS ?FUNCTION day
!! SUBROUTINE vom_write_hourly CALLS ?FUNCTION pcg_
!! SUBROUTINE vom_write_hourly CALLS ?FUNCTION rlg__
!! SUBROUTINE vom_write_hourly CALLS ?FUNCTION suvec_
!! FILE transpmodel.f90 CONTAINS SUBROUTINE vom_check_water
!! HTMLPAGE vom_check_water.html DESCRIBES SUBROUTINE vom_check_water
!! SUBROUTINE vom_check_water USES MODULE vegwatmod
!! SUBROUTINE vom_check_water USES MODULE vegmod
!! SUBROUTINE vom_check_water USES MODULE watmod
!! FILE transpmodel.f90 CONTAINS SUBROUTINE vom_write_dayyear
!! HTMLPAGE vom_write_dayyear.html DESCRIBES SUBROUTINE vom_write_dayyear
!! SUBROUTINE vom_write_dayyear USES MODULE vegwatmod
!! SUBROUTINE vom_write_dayyear USES MODULE vegmod
!! SUBROUTINE vom_write_dayyear USES MODULE watmod
!! SUBROUTINE vom_write_dayyear CALLS SUBROUTINE vom_add_yearly
!! SUBROUTINE vom_write_dayyear CALLS ?FUNCTION rainvec
!! SUBROUTINE vom_write_dayyear CALLS ?FUNCTION tmin
!! SUBROUTINE vom_write_dayyear CALLS ?FUNCTION month
!! SUBROUTINE vom_write_dayyear CALLS ?FUNCTION tmax
!! SUBROUTINE vom_write_dayyear CALLS ?FUNCTION assg_d
!! SUBROUTINE vom_write_dayyear CALLS ?FUNCTION jmax25_
!! SUBROUTINE vom_write_dayyear CALLS ?FUNCTION jmax25g
!! SUBROUTINE vom_write_dayyear CALLS ?FUNCTION parvec
!! SUBROUTINE vom_write_dayyear CALLS ?FUNCTION day
!! SUBROUTINE vom_write_dayyear CALLS ?FUNCTION pcg_
!! SUBROUTINE vom_write_dayyear CALLS ?FUNCTION ass_d
!! SUBROUTINE vom_write_dayyear CALLS ?FUNCTION year
!! SUBROUTINE vom_write_dayyear CALLS ?FUNCTION dayyear
!! FILE transpmodel.f90 CONTAINS SUBROUTINE vom_add_yearly
!! HTMLPAGE vom_add_yearly.html DESCRIBES SUBROUTINE vom_add_yearly
!! SUBROUTINE vom_add_yearly USES MODULE vegwatmod
!! SUBROUTINE vom_add_yearly USES MODULE vegmod
!! SUBROUTINE vom_add_yearly USES MODULE watmod
!! SUBROUTINE vom_add_yearly CALLS ?FUNCTION year
!! SUBROUTINE vom_add_yearly CALLS ?FUNCTION rainvec
!! SUBROUTINE vom_add_yearly CALLS ?FUNCTION epan
!! SUBROUTINE vom_add_yearly CALLS ?FUNCTION parvec
!! SUBROUTINE vom_add_yearly CALLS ?FUNCTION srad
!! SUBROUTINE vom_add_yearly CALLS ?FUNCTION assg_d
!! SUBROUTINE vom_add_yearly CALLS ?FUNCTION cpccg
!! SUBROUTINE vom_add_yearly CALLS ?FUNCTION tcg
!! SUBROUTINE vom_add_yearly CALLS ?FUNCTION ass_d
!! FILE transpmodel.f90 CONTAINS SUBROUTINE vom_write_model_output
!! HTMLPAGE vom_write_model_output.html DESCRIBES SUBROUTINE vom_write_model_output
!! SUBROUTINE vom_write_model_output USES MODULE vegwatmod
!! SUBROUTINE vom_write_model_output USES MODULE vegmod
!! FILE transpmodel.f90 CONTAINS SUBROUTINE vom_adapt_foliage
!! HTMLPAGE vom_adapt_foliage.html DESCRIBES SUBROUTINE vom_adapt_foliage
!! SUBROUTINE vom_adapt_foliage USES MODULE vegmod
!! SUBROUTINE vom_adapt_foliage USES MODULE vegwatmod
!! SUBROUTINE vom_adapt_foliage CALLS ?FUNCTION pos1
!! SUBROUTINE vom_adapt_foliage CALLS ?FUNCTION jmax25_
!! SUBROUTINE vom_adapt_foliage CALLS ?FUNCTION pcg_
!! SUBROUTINE vom_adapt_foliage CALLS ?FUNCTION pos2
!! SUBROUTINE vom_adapt_foliage CALLS ?FUNCTION jmax25g
!! FILE transpmodel.f90 CONTAINS SUBROUTINE vom_adapt_roots
!! HTMLPAGE vom_adapt_roots.html DESCRIBES SUBROUTINE vom_adapt_roots
!! SUBROUTINE vom_adapt_roots USES MODULE vegmod
!! SUBROUTINE vom_adapt_roots USES MODULE vegwatmod
!! SUBROUTINE vom_adapt_roots USES MODULE watmod
!! SUBROUTINE vom_adapt_roots CALLS ?FUNCTION pos2
!! SUBROUTINE vom_adapt_roots CALLS ?FUNCTION rootlim
!! FILE watbal.f90 CONTAINS SUBROUTINE waterbalance
!! HTMLPAGE waterbalance.html DESCRIBES SUBROUTINE waterbalance
!! SUBROUTINE waterbalance USES MODULE watmod
!! SUBROUTINE waterbalance USES MODULE vegwatmod
!! SUBROUTINE waterbalance CALLS ?FUNCTION delzvec
!! SUBROUTINE waterbalance CALLS ?FUNCTION pcapvec
!! SUBROUTINE waterbalance CALLS ?FUNCTION mvgvec
!! SUBROUTINE waterbalance CALLS ?FUNCTION sueqvec
!! SUBROUTINE waterbalance CALLS ?FUNCTION avgvec
!! SUBROUTINE waterbalance CALLS ?FUNCTION nvgvec
!! SUBROUTINE waterbalance CALLS ?FUNCTION kunsatvec
!! SUBROUTINE waterbalance CALLS ?FUNCTION ksatvec
!! SUBROUTINE waterbalance CALLS ?FUNCTION qblvec
!! SUBROUTINE waterbalance CALLS ?FUNCTION pcg_
!! SUBROUTINE waterbalance CALLS ?FUNCTION suvec_
!! SUBROUTINE waterbalance CALLS ?FUNCTION ruptkg
!! SUBROUTINE waterbalance CALLS ?FUNCTION ruptkvec
!! SUBROUTINE waterbalance CALLS ?FUNCTION iovec
!! SUBROUTINE waterbalance CALLS ?FUNCTION dsuvec
!! SUBROUTINE waterbalance CALLS ?FUNCTION sunewvec
!! SUBROUTINE waterbalance CALLS ?FUNCTION pcapnewvec
